[2021-11-02 20:04:05:971-main] [INFO] - org.springframework.boot.StartupInfoLogger.logStarting(StartupInfoLogger.java:50) - Starting BeanMainApplication on deMacBook-Pro.local with PID 1214 (/Users/lihongxu/IdeaProjects/common/spring-demo-001-beandefinition/e002-springbean-reg/target/classes started by lihongxu in /Users/lihongxu/IdeaProjects/common)
[2021-11-02 20:04:05:994-main] [INFO] - org.springframework.boot.SpringApplication.logStartupProfileInfo(SpringApplication.java:662) - No active profile set, falling back to default profiles: default
[2021-11-02 20:04:06:052-main] [INFO] - org.springframework.context.support.AbstractApplicationContext.prepareRefresh(AbstractApplicationContext.java:590) - Refreshing org.springframework.boot.web.servlet.context.AnnotationConfigServletWebServerApplicationContext@43aaf813: startup date [Tue Nov 02 20:04:06 CST 2021]; root of context hierarchy
[2021-11-02 20:04:07:254-main] [INFO] - org.springframework.boot.web.embedded.tomcat.TomcatWebServer.initialize(TomcatWebServer.java:91) - Tomcat initialized with port(s): 8080 (http)
[2021-11-02 20:04:07:278-main] [INFO] - org.apache.juli.logging.DirectJDKLog.log(DirectJDKLog.java:180) - Initializing ProtocolHandler ["http-nio-8080"]
[2021-11-02 20:04:07:288-main] [INFO] - org.apache.juli.logging.DirectJDKLog.log(DirectJDKLog.java:180) - Starting service [Tomcat]
[2021-11-02 20:04:07:289-main] [INFO] - org.apache.juli.logging.DirectJDKLog.log(DirectJDKLog.java:180) - Starting Servlet Engine: Apache Tomcat/8.5.32
[2021-11-02 20:04:07:294-localhost-startStop-1] [INFO] - org.apache.juli.logging.DirectJDKLog.log(DirectJDKLog.java:180) - The APR based Apache Tomcat Native library which allows optimal performance in production environments was not found on the java.library.path: [/Users/lihongxu/Library/Java/Extensions:/Library/Java/Extensions:/Network/Library/Java/Extensions:/System/Library/Java/Extensions:/usr/lib/java:.]
[2021-11-02 20:04:07:397-localhost-startStop-1] [INFO] - org.apache.juli.logging.DirectJDKLog.log(DirectJDKLog.java:180) - Initializing Spring embedded WebApplicationContext
[2021-11-02 20:04:07:397-localhost-startStop-1] [INFO] - org.springframework.boot.web.servlet.context.ServletWebServerApplicationContext.prepareWebApplicationContext(ServletWebServerApplicationContext.java:285) - Root WebApplicationContext: initialization completed in 1345 ms
[2021-11-02 20:04:07:454-localhost-startStop-1] [INFO] - org.springframework.boot.web.servlet.ServletRegistrationBean.addRegistration(ServletRegistrationBean.java:187) - Servlet dispatcherServlet mapped to [/]
[2021-11-02 20:04:07:459-localhost-startStop-1] [INFO] - org.springframework.boot.web.servlet.AbstractFilterRegistrationBean.configure(AbstractFilterRegistrationBean.java:245) - Mapping filter: 'characterEncodingFilter' to: [/*]
[2021-11-02 20:04:07:460-localhost-startStop-1] [INFO] - org.springframework.boot.web.servlet.AbstractFilterRegistrationBean.configure(AbstractFilterRegistrationBean.java:245) - Mapping filter: 'hiddenHttpMethodFilter' to: [/*]
[2021-11-02 20:04:07:460-localhost-startStop-1] [INFO] - org.springframework.boot.web.servlet.AbstractFilterRegistrationBean.configure(AbstractFilterRegistrationBean.java:245) - Mapping filter: 'httpPutFormContentFilter' to: [/*]
[2021-11-02 20:04:07:460-localhost-startStop-1] [INFO] - org.springframework.boot.web.servlet.AbstractFilterRegistrationBean.configure(AbstractFilterRegistrationBean.java:245) - Mapping filter: 'requestContextFilter' to: [/*]
[2021-11-02 20:04:07:577-main] [INFO] - org.springframework.web.servlet.handler.AbstractUrlHandlerMapping.registerHandler(AbstractUrlHandlerMapping.java:373) - Mapped URL path [/**/favicon.ico] onto handler of type [class org.springframework.web.servlet.resource.ResourceHttpRequestHandler]
[2021-11-02 20:04:07:744-main] [INFO] - org.springframework.web.servlet.mvc.method.annotation.RequestMappingHandlerAdapter.initControllerAdviceCache(RequestMappingHandlerAdapter.java:574) - Looking for @ControllerAdvice: org.springframework.boot.web.servlet.context.AnnotationConfigServletWebServerApplicationContext@43aaf813: startup date [Tue Nov 02 20:04:06 CST 2021]; root of context hierarchy
[2021-11-02 20:04:07:800-main] [INFO] - org.springframework.web.servlet.handler.AbstractHandlerMethodMapping$MappingRegistry.register(AbstractHandlerMethodMapping.java:547) - Mapped "{[/bean/get]}" onto public java.lang.String com.github.bjlhx15.common.beanreg.TestController.get()
[2021-11-02 20:04:07:802-main] [INFO] - org.springframework.web.servlet.handler.AbstractHandlerMethodMapping$MappingRegistry.register(AbstractHandlerMethodMapping.java:547) - Mapped "{[/bean/reg]}" onto public java.lang.String com.github.bjlhx15.common.beanreg.TestController.reg()
[2021-11-02 20:04:07:805-main] [INFO] - org.springframework.web.servlet.handler.AbstractHandlerMethodMapping$MappingRegistry.register(AbstractHandlerMethodMapping.java:547) - Mapped "{[/error],produces=[text/html]}" onto public org.springframework.web.servlet.ModelAndView org.springframework.boot.autoconfigure.web.servlet.error.BasicErrorController.errorHtml(javax.servlet.http.HttpServletRequest,javax.servlet.http.HttpServletResponse)
[2021-11-02 20:04:07:806-main] [INFO] - org.springframework.web.servlet.handler.AbstractHandlerMethodMapping$MappingRegistry.register(AbstractHandlerMethodMapping.java:547) - Mapped "{[/error]}" onto public org.springframework.http.ResponseEntity<java.util.Map<java.lang.String, java.lang.Object>> org.springframework.boot.autoconfigure.web.servlet.error.BasicErrorController.error(javax.servlet.http.HttpServletRequest)
[2021-11-02 20:04:07:831-main] [INFO] - org.springframework.web.servlet.handler.AbstractUrlHandlerMapping.registerHandler(AbstractUrlHandlerMapping.java:373) - Mapped URL path [/webjars/**] onto handler of type [class org.springframework.web.servlet.resource.ResourceHttpRequestHandler]
[2021-11-02 20:04:07:831-main] [INFO] - org.springframework.web.servlet.handler.AbstractUrlHandlerMapping.registerHandler(AbstractUrlHandlerMapping.java:373) - Mapped URL path [/**] onto handler of type [class org.springframework.web.servlet.resource.ResourceHttpRequestHandler]
[2021-11-02 20:04:07:970-main] [INFO] - org.springframework.jmx.export.MBeanExporter.afterSingletonsInstantiated(MBeanExporter.java:433) - Registering beans for JMX exposure on startup
[2021-11-02 20:04:07:986-main] [INFO] - org.apache.juli.logging.DirectJDKLog.log(DirectJDKLog.java:180) - Starting ProtocolHandler ["http-nio-8080"]
[2021-11-02 20:04:08:005-main] [INFO] - org.apache.juli.logging.DirectJDKLog.log(DirectJDKLog.java:180) - Using a shared selector for servlet write/read
[2021-11-02 20:04:08:019-main] [INFO] - org.springframework.boot.web.embedded.tomcat.TomcatWebServer.start(TomcatWebServer.java:206) - Tomcat started on port(s): 8080 (http) with context path ''
[2021-11-02 20:04:08:023-main] [INFO] - org.springframework.boot.StartupInfoLogger.logStarted(StartupInfoLogger.java:59) - Started BeanMainApplication in 2.426 seconds (JVM running for 3.49)
[2021-11-02 20:04:24:694-http-nio-8080-exec-1] [INFO] - org.apache.juli.logging.DirectJDKLog.log(DirectJDKLog.java:180) - Initializing Spring FrameworkServlet 'dispatcherServlet'
[2021-11-02 20:04:24:695-http-nio-8080-exec-1] [INFO] - org.springframework.web.servlet.FrameworkServlet.initServletBean(FrameworkServlet.java:494) - FrameworkServlet 'dispatcherServlet': initialization started
[2021-11-02 20:04:24:713-http-nio-8080-exec-1] [INFO] - org.springframework.web.servlet.FrameworkServlet.initServletBean(FrameworkServlet.java:509) - FrameworkServlet 'dispatcherServlet': initialization completed in 18 ms
