[2021-11-02 20:05:17:582-Thread-8] [INFO] - org.springframework.context.support.AbstractApplicationContext.doClose(AbstractApplicationContext.java:993) - Closing org.springframework.boot.web.servlet.context.AnnotationConfigServletWebServerApplicationContext@43aaf813: startup date [Tue Nov 02 20:04:06 CST 2021]; root of context hierarchy
[2021-11-02 20:05:17:585-Thread-8] [INFO] - org.springframework.jmx.export.MBeanExporter.destroy(MBeanExporter.java:451) - Unregistering JMX-exposed beans on shutdown
[2021-11-02 20:05:23:673-main] [INFO] - org.springframework.boot.StartupInfoLogger.logStarting(StartupInfoLogger.java:50) - Starting BeanMainApplication on deMacBook-Pro.local with PID 1232 (/Users/lihongxu/IdeaProjects/common/spring-demo-001-beandefinition/e002-springbean-reg/target/classes started by lihongxu in /Users/lihongxu/IdeaProjects/common)
[2021-11-02 20:05:23:690-main] [INFO] - org.springframework.boot.SpringApplication.logStartupProfileInfo(SpringApplication.java:662) - No active profile set, falling back to default profiles: default
[2021-11-02 20:05:23:731-main] [INFO] - org.springframework.context.support.AbstractApplicationContext.prepareRefresh(AbstractApplicationContext.java:590) - Refreshing org.springframework.boot.web.servlet.context.AnnotationConfigServletWebServerApplicationContext@73dce0e6: startup date [Tue Nov 02 20:05:23 CST 2021]; root of context hierarchy
[2021-11-02 20:05:24:631-main] [INFO] - org.springframework.boot.web.embedded.tomcat.TomcatWebServer.initialize(TomcatWebServer.java:91) - Tomcat initialized with port(s): 8080 (http)
[2021-11-02 20:05:24:649-main] [INFO] - org.apache.juli.logging.DirectJDKLog.log(DirectJDKLog.java:180) - Initializing ProtocolHandler ["http-nio-8080"]
[2021-11-02 20:05:24:657-main] [INFO] - org.apache.juli.logging.DirectJDKLog.log(DirectJDKLog.java:180) - Starting service [Tomcat]
[2021-11-02 20:05:24:658-main] [INFO] - org.apache.juli.logging.DirectJDKLog.log(DirectJDKLog.java:180) - Starting Servlet Engine: Apache Tomcat/8.5.32
[2021-11-02 20:05:24:662-localhost-startStop-1] [INFO] - org.apache.juli.logging.DirectJDKLog.log(DirectJDKLog.java:180) - The APR based Apache Tomcat Native library which allows optimal performance in production environments was not found on the java.library.path: [/Users/lihongxu/Library/Java/Extensions:/Library/Java/Extensions:/Network/Library/Java/Extensions:/System/Library/Java/Extensions:/usr/lib/java:.]
[2021-11-02 20:05:24:732-localhost-startStop-1] [INFO] - org.apache.juli.logging.DirectJDKLog.log(DirectJDKLog.java:180) - Initializing Spring embedded WebApplicationContext
[2021-11-02 20:05:24:733-localhost-startStop-1] [INFO] - org.springframework.boot.web.servlet.context.ServletWebServerApplicationContext.prepareWebApplicationContext(ServletWebServerApplicationContext.java:285) - Root WebApplicationContext: initialization completed in 1002 ms
[2021-11-02 20:05:24:804-localhost-startStop-1] [INFO] - org.springframework.boot.web.servlet.ServletRegistrationBean.addRegistration(ServletRegistrationBean.java:187) - Servlet dispatcherServlet mapped to [/]
[2021-11-02 20:05:24:808-localhost-startStop-1] [INFO] - org.springframework.boot.web.servlet.AbstractFilterRegistrationBean.configure(AbstractFilterRegistrationBean.java:245) - Mapping filter: 'characterEncodingFilter' to: [/*]
[2021-11-02 20:05:24:808-localhost-startStop-1] [INFO] - org.springframework.boot.web.servlet.AbstractFilterRegistrationBean.configure(AbstractFilterRegistrationBean.java:245) - Mapping filter: 'hiddenHttpMethodFilter' to: [/*]
[2021-11-02 20:05:24:809-localhost-startStop-1] [INFO] - org.springframework.boot.web.servlet.AbstractFilterRegistrationBean.configure(AbstractFilterRegistrationBean.java:245) - Mapping filter: 'httpPutFormContentFilter' to: [/*]
[2021-11-02 20:05:24:809-localhost-startStop-1] [INFO] - org.springframework.boot.web.servlet.AbstractFilterRegistrationBean.configure(AbstractFilterRegistrationBean.java:245) - Mapping filter: 'requestContextFilter' to: [/*]
[2021-11-02 20:05:24:921-main] [INFO] - org.springframework.web.servlet.handler.AbstractUrlHandlerMapping.registerHandler(AbstractUrlHandlerMapping.java:373) - Mapped URL path [/**/favicon.ico] onto handler of type [class org.springframework.web.servlet.resource.ResourceHttpRequestHandler]
[2021-11-02 20:05:25:083-main] [INFO] - org.springframework.web.servlet.mvc.method.annotation.RequestMappingHandlerAdapter.initControllerAdviceCache(RequestMappingHandlerAdapter.java:574) - Looking for @ControllerAdvice: org.springframework.boot.web.servlet.context.AnnotationConfigServletWebServerApplicationContext@73dce0e6: startup date [Tue Nov 02 20:05:23 CST 2021]; root of context hierarchy
[2021-11-02 20:05:25:131-main] [INFO] - org.springframework.web.servlet.handler.AbstractHandlerMethodMapping$MappingRegistry.register(AbstractHandlerMethodMapping.java:547) - Mapped "{[/bean/reg]}" onto public java.lang.String com.github.bjlhx15.common.beanreg.TestController.reg()
[2021-11-02 20:05:25:132-main] [INFO] - org.springframework.web.servlet.handler.AbstractHandlerMethodMapping$MappingRegistry.register(AbstractHandlerMethodMapping.java:547) - Mapped "{[/bean/get]}" onto public java.lang.String com.github.bjlhx15.common.beanreg.TestController.get()
[2021-11-02 20:05:25:136-main] [INFO] - org.springframework.web.servlet.handler.AbstractHandlerMethodMapping$MappingRegistry.register(AbstractHandlerMethodMapping.java:547) - Mapped "{[/error],produces=[text/html]}" onto public org.springframework.web.servlet.ModelAndView org.springframework.boot.autoconfigure.web.servlet.error.BasicErrorController.errorHtml(javax.servlet.http.HttpServletRequest,javax.servlet.http.HttpServletResponse)
[2021-11-02 20:05:25:136-main] [INFO] - org.springframework.web.servlet.handler.AbstractHandlerMethodMapping$MappingRegistry.register(AbstractHandlerMethodMapping.java:547) - Mapped "{[/error]}" onto public org.springframework.http.ResponseEntity<java.util.Map<java.lang.String, java.lang.Object>> org.springframework.boot.autoconfigure.web.servlet.error.BasicErrorController.error(javax.servlet.http.HttpServletRequest)
[2021-11-02 20:05:25:159-main] [INFO] - org.springframework.web.servlet.handler.AbstractUrlHandlerMapping.registerHandler(AbstractUrlHandlerMapping.java:373) - Mapped URL path [/webjars/**] onto handler of type [class org.springframework.web.servlet.resource.ResourceHttpRequestHandler]
[2021-11-02 20:05:25:159-main] [INFO] - org.springframework.web.servlet.handler.AbstractUrlHandlerMapping.registerHandler(AbstractUrlHandlerMapping.java:373) - Mapped URL path [/**] onto handler of type [class org.springframework.web.servlet.resource.ResourceHttpRequestHandler]
[2021-11-02 20:05:25:290-main] [INFO] - org.springframework.jmx.export.MBeanExporter.afterSingletonsInstantiated(MBeanExporter.java:433) - Registering beans for JMX exposure on startup
[2021-11-02 20:05:25:303-main] [INFO] - org.apache.juli.logging.DirectJDKLog.log(DirectJDKLog.java:180) - Starting ProtocolHandler ["http-nio-8080"]
[2021-11-02 20:05:25:321-main] [INFO] - org.apache.juli.logging.DirectJDKLog.log(DirectJDKLog.java:180) - Using a shared selector for servlet write/read
[2021-11-02 20:05:25:334-main] [INFO] - org.springframework.boot.web.embedded.tomcat.TomcatWebServer.start(TomcatWebServer.java:206) - Tomcat started on port(s): 8080 (http) with context path ''
[2021-11-02 20:05:25:338-main] [INFO] - org.springframework.boot.StartupInfoLogger.logStarted(StartupInfoLogger.java:59) - Started BeanMainApplication in 1.973 seconds (JVM running for 3.031)
[2021-11-02 20:05:28:882-http-nio-8080-exec-1] [INFO] - org.apache.juli.logging.DirectJDKLog.log(DirectJDKLog.java:180) - Initializing Spring FrameworkServlet 'dispatcherServlet'
[2021-11-02 20:05:28:882-http-nio-8080-exec-1] [INFO] - org.springframework.web.servlet.FrameworkServlet.initServletBean(FrameworkServlet.java:494) - FrameworkServlet 'dispatcherServlet': initialization started
[2021-11-02 20:05:28:898-http-nio-8080-exec-1] [INFO] - org.springframework.web.servlet.FrameworkServlet.initServletBean(FrameworkServlet.java:509) - FrameworkServlet 'dispatcherServlet': initialization completed in 16 ms
[2021-11-02 20:05:28:989-http-nio-8080-exec-1] [ERROR] - org.apache.juli.logging.DirectJDKLog.log(DirectJDKLog.java:182) - Servlet.service() for servlet [dispatcherServlet] in context with path [] threw exception [Request processing failed; nested exception is org.springframework.beans.factory.NoSuchBeanDefinitionException: No bean named 'testA' available] with root cause
org.springframework.beans.factory.NoSuchBeanDefinitionException: No bean named 'testA' available
	at org.springframework.beans.factory.support.DefaultListableBeanFactory.getBeanDefinition(DefaultListableBeanFactory.java:685) ~[spring-beans-5.0.8.RELEASE.jar:5.0.8.RELEASE]
	at org.springframework.beans.factory.support.AbstractBeanFactory.getMergedLocalBeanDefinition(AbstractBeanFactory.java:1210) ~[spring-beans-5.0.8.RELEASE.jar:5.0.8.RELEASE]
	at org.springframework.beans.factory.support.AbstractBeanFactory.doGetBean(AbstractBeanFactory.java:291) ~[spring-beans-5.0.8.RELEASE.jar:5.0.8.RELEASE]
	at org.springframework.beans.factory.support.AbstractBeanFactory.getBean(AbstractBeanFactory.java:199) ~[spring-beans-5.0.8.RELEASE.jar:5.0.8.RELEASE]
	at org.springframework.context.support.AbstractApplicationContext.getBean(AbstractApplicationContext.java:1089) ~[spring-context-5.0.8.RELEASE.jar:5.0.8.RELEASE]
	at com.github.bjlhx15.common.beanreg.ApplicationContextUtil.getBean(ApplicationContextUtil.java:70) ~[classes/:?]
	at com.github.bjlhx15.common.beanreg.TestController.get(TestController.java:23) ~[classes/:?]
	at sun.reflect.NativeMethodAccessorImpl.invoke0(Native Method) ~[?:1.8.0_291]
	at sun.reflect.NativeMethodAccessorImpl.invoke(NativeMethodAccessorImpl.java:62) ~[?:1.8.0_291]
	at sun.reflect.DelegatingMethodAccessorImpl.invoke(DelegatingMethodAccessorImpl.java:43) ~[?:1.8.0_291]
	at java.lang.reflect.Method.invoke(Method.java:498) ~[?:1.8.0_291]
	at org.springframework.web.method.support.InvocableHandlerMethod.doInvoke(InvocableHandlerMethod.java:209) ~[spring-web-5.0.8.RELEASE.jar:5.0.8.RELEASE]
	at org.springframework.web.method.support.InvocableHandlerMethod.invokeForRequest(InvocableHandlerMethod.java:136) ~[spring-web-5.0.8.RELEASE.jar:5.0.8.RELEASE]
	at org.springframework.web.servlet.mvc.method.annotation.ServletInvocableHandlerMethod.invokeAndHandle(ServletInvocableHandlerMethod.java:102) ~[spring-webmvc-5.0.8.RELEASE.jar:5.0.8.RELEASE]
	at org.springframework.web.servlet.mvc.method.annotation.RequestMappingHandlerAdapter.invokeHandlerMethod(RequestMappingHandlerAdapter.java:877) ~[spring-webmvc-5.0.8.RELEASE.jar:5.0.8.RELEASE]
	at org.springframework.web.servlet.mvc.method.annotation.RequestMappingHandlerAdapter.handleInternal(RequestMappingHandlerAdapter.java:783) ~[spring-webmvc-5.0.8.RELEASE.jar:5.0.8.RELEASE]
	at org.springframework.web.servlet.mvc.method.AbstractHandlerMethodAdapter.handle(AbstractHandlerMethodAdapter.java:87) ~[spring-webmvc-5.0.8.RELEASE.jar:5.0.8.RELEASE]
	at org.springframework.web.servlet.DispatcherServlet.doDispatch(DispatcherServlet.java:991) ~[spring-webmvc-5.0.8.RELEASE.jar:5.0.8.RELEASE]
	at org.springframework.web.servlet.DispatcherServlet.doService(DispatcherServlet.java:925) ~[spring-webmvc-5.0.8.RELEASE.jar:5.0.8.RELEASE]
	at org.springframework.web.servlet.FrameworkServlet.processRequest(FrameworkServlet.java:974) ~[spring-webmvc-5.0.8.RELEASE.jar:5.0.8.RELEASE]
	at org.springframework.web.servlet.FrameworkServlet.doGet(FrameworkServlet.java:866) ~[spring-webmvc-5.0.8.RELEASE.jar:5.0.8.RELEASE]
	at javax.servlet.http.HttpServlet.service(HttpServlet.java:635) ~[tomcat-embed-core-8.5.32.jar:8.5.32]
	at org.springframework.web.servlet.FrameworkServlet.service(FrameworkServlet.java:851) ~[spring-webmvc-5.0.8.RELEASE.jar:5.0.8.RELEASE]
	at javax.servlet.http.HttpServlet.service(HttpServlet.java:742) ~[tomcat-embed-core-8.5.32.jar:8.5.32]
	at org.apache.catalina.core.ApplicationFilterChain.internalDoFilter(ApplicationFilterChain.java:231) ~[tomcat-embed-core-8.5.32.jar:8.5.32]
	at org.apache.catalina.core.ApplicationFilterChain.doFilter(ApplicationFilterChain.java:166) ~[tomcat-embed-core-8.5.32.jar:8.5.32]
	at org.apache.tomcat.websocket.server.WsFilter.doFilter(WsFilter.java:52) ~[tomcat-embed-websocket-8.5.32.jar:8.5.32]
	at org.apache.catalina.core.ApplicationFilterChain.internalDoFilter(ApplicationFilterChain.java:193) ~[tomcat-embed-core-8.5.32.jar:8.5.32]
	at org.apache.catalina.core.ApplicationFilterChain.doFilter(ApplicationFilterChain.java:166) ~[tomcat-embed-core-8.5.32.jar:8.5.32]
	at org.springframework.web.filter.RequestContextFilter.doFilterInternal(RequestContextFilter.java:99) ~[spring-web-5.0.8.RELEASE.jar:5.0.8.RELEASE]
	at org.springframework.web.filter.OncePerRequestFilter.doFilter(OncePerRequestFilter.java:107) ~[spring-web-5.0.8.RELEASE.jar:5.0.8.RELEASE]
	at org.apache.catalina.core.ApplicationFilterChain.internalDoFilter(ApplicationFilterChain.java:193) ~[tomcat-embed-core-8.5.32.jar:8.5.32]
	at org.apache.catalina.core.ApplicationFilterChain.doFilter(ApplicationFilterChain.java:166) ~[tomcat-embed-core-8.5.32.jar:8.5.32]
	at org.springframework.web.filter.HttpPutFormContentFilter.doFilterInternal(HttpPutFormContentFilter.java:109) ~[spring-web-5.0.8.RELEASE.jar:5.0.8.RELEASE]
	at org.springframework.web.filter.OncePerRequestFilter.doFilter(OncePerRequestFilter.java:107) ~[spring-web-5.0.8.RELEASE.jar:5.0.8.RELEASE]
	at org.apache.catalina.core.ApplicationFilterChain.internalDoFilter(ApplicationFilterChain.java:193) ~[tomcat-embed-core-8.5.32.jar:8.5.32]
	at org.apache.catalina.core.ApplicationFilterChain.doFilter(ApplicationFilterChain.java:166) ~[tomcat-embed-core-8.5.32.jar:8.5.32]
	at org.springframework.web.filter.HiddenHttpMethodFilter.doFilterInternal(HiddenHttpMethodFilter.java:93) ~[spring-web-5.0.8.RELEASE.jar:5.0.8.RELEASE]
	at org.springframework.web.filter.OncePerRequestFilter.doFilter(OncePerRequestFilter.java:107) ~[spring-web-5.0.8.RELEASE.jar:5.0.8.RELEASE]
	at org.apache.catalina.core.ApplicationFilterChain.internalDoFilter(ApplicationFilterChain.java:193) ~[tomcat-embed-core-8.5.32.jar:8.5.32]
	at org.apache.catalina.core.ApplicationFilterChain.doFilter(ApplicationFilterChain.java:166) ~[tomcat-embed-core-8.5.32.jar:8.5.32]
	at org.springframework.web.filter.CharacterEncodingFilter.doFilterInternal(CharacterEncodingFilter.java:200) ~[spring-web-5.0.8.RELEASE.jar:5.0.8.RELEASE]
	at org.springframework.web.filter.OncePerRequestFilter.doFilter(OncePerRequestFilter.java:107) ~[spring-web-5.0.8.RELEASE.jar:5.0.8.RELEASE]
	at org.apache.catalina.core.ApplicationFilterChain.internalDoFilter(ApplicationFilterChain.java:193) ~[tomcat-embed-core-8.5.32.jar:8.5.32]
	at org.apache.catalina.core.ApplicationFilterChain.doFilter(ApplicationFilterChain.java:166) ~[tomcat-embed-core-8.5.32.jar:8.5.32]
	at org.apache.catalina.core.StandardWrapperValve.invoke(StandardWrapperValve.java:198) [tomcat-embed-core-8.5.32.jar:8.5.32]
	at org.apache.catalina.core.StandardContextValve.invoke(StandardContextValve.java:96) [tomcat-embed-core-8.5.32.jar:8.5.32]
	at org.apache.catalina.authenticator.AuthenticatorBase.invoke(AuthenticatorBase.java:493) [tomcat-embed-core-8.5.32.jar:8.5.32]
	at org.apache.catalina.core.StandardHostValve.invoke(StandardHostValve.java:140) [tomcat-embed-core-8.5.32.jar:8.5.32]
	at org.apache.catalina.valves.ErrorReportValve.invoke(ErrorReportValve.java:81) [tomcat-embed-core-8.5.32.jar:8.5.32]
	at org.apache.catalina.core.StandardEngineValve.invoke(StandardEngineValve.java:87) [tomcat-embed-core-8.5.32.jar:8.5.32]
	at org.apache.catalina.connector.CoyoteAdapter.service(CoyoteAdapter.java:342) [tomcat-embed-core-8.5.32.jar:8.5.32]
	at org.apache.coyote.http11.Http11Processor.service(Http11Processor.java:800) [tomcat-embed-core-8.5.32.jar:8.5.32]
	at org.apache.coyote.AbstractProcessorLight.process(AbstractProcessorLight.java:66) [tomcat-embed-core-8.5.32.jar:8.5.32]
	at org.apache.coyote.AbstractProtocol$ConnectionHandler.process(AbstractProtocol.java:800) [tomcat-embed-core-8.5.32.jar:8.5.32]
	at org.apache.tomcat.util.net.NioEndpoint$SocketProcessor.doRun(NioEndpoint.java:1471) [tomcat-embed-core-8.5.32.jar:8.5.32]
	at org.apache.tomcat.util.net.SocketProcessorBase.run(SocketProcessorBase.java:49) [tomcat-embed-core-8.5.32.jar:8.5.32]
	at java.util.concurrent.ThreadPoolExecutor.runWorker(ThreadPoolExecutor.java:1149) [?:1.8.0_291]
	at java.util.concurrent.ThreadPoolExecutor$Worker.run(ThreadPoolExecutor.java:624) [?:1.8.0_291]
	at org.apache.tomcat.util.threads.TaskThread$WrappingRunnable.run(TaskThread.java:61) [tomcat-embed-core-8.5.32.jar:8.5.32]
	at java.lang.Thread.run(Thread.java:748) [?:1.8.0_291]
[2021-11-02 20:05:36:343-http-nio-8080-exec-4] [ERROR] - com.github.bjlhx15.common.beanreg.TestServiceImpl.show(TestServiceImpl.java:16) - config:AAAA
