[2021-11-02 20:11:23:705-Thread-7] [INFO] - org.springframework.context.support.AbstractApplicationContext.doClose(AbstractApplicationContext.java:993) - Closing org.springframework.boot.web.servlet.context.AnnotationConfigServletWebServerApplicationContext@73dce0e6: startup date [Tue Nov 02 20:05:23 CST 2021]; root of context hierarchy
[2021-11-02 20:11:23:708-Thread-7] [INFO] - org.springframework.jmx.export.MBeanExporter.destroy(MBeanExporter.java:451) - Unregistering JMX-exposed beans on shutdown
[2021-11-02 20:11:30:017-main] [INFO] - org.springframework.boot.StartupInfoLogger.logStarting(StartupInfoLogger.java:50) - Starting BeanMainApplication on deMacBook-Pro.local with PID 1277 (/Users/lihongxu/IdeaProjects/common/spring-demo-001-beandefinition/e002-springbean-reg/target/classes started by lihongxu in /Users/lihongxu/IdeaProjects/common)
[2021-11-02 20:11:30:022-main] [INFO] - org.springframework.boot.SpringApplication.logStartupProfileInfo(SpringApplication.java:662) - No active profile set, falling back to default profiles: default
[2021-11-02 20:11:30:068-main] [INFO] - org.springframework.context.support.AbstractApplicationContext.prepareRefresh(AbstractApplicationContext.java:590) - Refreshing org.springframework.boot.web.servlet.context.AnnotationConfigServletWebServerApplicationContext@6475472c: startup date [Tue Nov 02 20:11:30 CST 2021]; root of context hierarchy
[2021-11-02 20:11:31:010-main] [INFO] - org.springframework.boot.web.embedded.tomcat.TomcatWebServer.initialize(TomcatWebServer.java:91) - Tomcat initialized with port(s): 8080 (http)
[2021-11-02 20:11:31:031-main] [INFO] - org.apache.juli.logging.DirectJDKLog.log(DirectJDKLog.java:180) - Initializing ProtocolHandler ["http-nio-8080"]
[2021-11-02 20:11:31:041-main] [INFO] - org.apache.juli.logging.DirectJDKLog.log(DirectJDKLog.java:180) - Starting service [Tomcat]
[2021-11-02 20:11:31:042-main] [INFO] - org.apache.juli.logging.DirectJDKLog.log(DirectJDKLog.java:180) - Starting Servlet Engine: Apache Tomcat/8.5.32
[2021-11-02 20:11:31:046-localhost-startStop-1] [INFO] - org.apache.juli.logging.DirectJDKLog.log(DirectJDKLog.java:180) - The APR based Apache Tomcat Native library which allows optimal performance in production environments was not found on the java.library.path: [/Users/lihongxu/Library/Java/Extensions:/Library/Java/Extensions:/Network/Library/Java/Extensions:/System/Library/Java/Extensions:/usr/lib/java:.]
[2021-11-02 20:11:31:128-localhost-startStop-1] [INFO] - org.apache.juli.logging.DirectJDKLog.log(DirectJDKLog.java:180) - Initializing Spring embedded WebApplicationContext
[2021-11-02 20:11:31:128-localhost-startStop-1] [INFO] - org.springframework.boot.web.servlet.context.ServletWebServerApplicationContext.prepareWebApplicationContext(ServletWebServerApplicationContext.java:285) - Root WebApplicationContext: initialization completed in 1060 ms
[2021-11-02 20:11:31:203-localhost-startStop-1] [INFO] - org.springframework.boot.web.servlet.ServletRegistrationBean.addRegistration(ServletRegistrationBean.java:187) - Servlet dispatcherServlet mapped to [/]
[2021-11-02 20:11:31:208-localhost-startStop-1] [INFO] - org.springframework.boot.web.servlet.AbstractFilterRegistrationBean.configure(AbstractFilterRegistrationBean.java:245) - Mapping filter: 'characterEncodingFilter' to: [/*]
[2021-11-02 20:11:31:208-localhost-startStop-1] [INFO] - org.springframework.boot.web.servlet.AbstractFilterRegistrationBean.configure(AbstractFilterRegistrationBean.java:245) - Mapping filter: 'hiddenHttpMethodFilter' to: [/*]
[2021-11-02 20:11:31:208-localhost-startStop-1] [INFO] - org.springframework.boot.web.servlet.AbstractFilterRegistrationBean.configure(AbstractFilterRegistrationBean.java:245) - Mapping filter: 'httpPutFormContentFilter' to: [/*]
[2021-11-02 20:11:31:209-localhost-startStop-1] [INFO] - org.springframework.boot.web.servlet.AbstractFilterRegistrationBean.configure(AbstractFilterRegistrationBean.java:245) - Mapping filter: 'requestContextFilter' to: [/*]
[2021-11-02 20:11:31:315-main] [INFO] - org.springframework.web.servlet.handler.AbstractUrlHandlerMapping.registerHandler(AbstractUrlHandlerMapping.java:373) - Mapped URL path [/**/favicon.ico] onto handler of type [class org.springframework.web.servlet.resource.ResourceHttpRequestHandler]
[2021-11-02 20:11:31:479-main] [INFO] - org.springframework.web.servlet.mvc.method.annotation.RequestMappingHandlerAdapter.initControllerAdviceCache(RequestMappingHandlerAdapter.java:574) - Looking for @ControllerAdvice: org.springframework.boot.web.servlet.context.AnnotationConfigServletWebServerApplicationContext@6475472c: startup date [Tue Nov 02 20:11:30 CST 2021]; root of context hierarchy
[2021-11-02 20:11:31:529-main] [INFO] - org.springframework.web.servlet.handler.AbstractHandlerMethodMapping$MappingRegistry.register(AbstractHandlerMethodMapping.java:547) - Mapped "{[/bean/get]}" onto public java.lang.String com.github.bjlhx15.common.beanreg.TestController.get()
[2021-11-02 20:11:31:530-main] [INFO] - org.springframework.web.servlet.handler.AbstractHandlerMethodMapping$MappingRegistry.register(AbstractHandlerMethodMapping.java:547) - Mapped "{[/bean/reg]}" onto public java.lang.String com.github.bjlhx15.common.beanreg.TestController.reg()
[2021-11-02 20:11:31:533-main] [INFO] - org.springframework.web.servlet.handler.AbstractHandlerMethodMapping$MappingRegistry.register(AbstractHandlerMethodMapping.java:547) - Mapped "{[/error]}" onto public org.springframework.http.ResponseEntity<java.util.Map<java.lang.String, java.lang.Object>> org.springframework.boot.autoconfigure.web.servlet.error.BasicErrorController.error(javax.servlet.http.HttpServletRequest)
[2021-11-02 20:11:31:534-main] [INFO] - org.springframework.web.servlet.handler.AbstractHandlerMethodMapping$MappingRegistry.register(AbstractHandlerMethodMapping.java:547) - Mapped "{[/error],produces=[text/html]}" onto public org.springframework.web.servlet.ModelAndView org.springframework.boot.autoconfigure.web.servlet.error.BasicErrorController.errorHtml(javax.servlet.http.HttpServletRequest,javax.servlet.http.HttpServletResponse)
[2021-11-02 20:11:31:558-main] [INFO] - org.springframework.web.servlet.handler.AbstractUrlHandlerMapping.registerHandler(AbstractUrlHandlerMapping.java:373) - Mapped URL path [/webjars/**] onto handler of type [class org.springframework.web.servlet.resource.ResourceHttpRequestHandler]
[2021-11-02 20:11:31:558-main] [INFO] - org.springframework.web.servlet.handler.AbstractUrlHandlerMapping.registerHandler(AbstractUrlHandlerMapping.java:373) - Mapped URL path [/**] onto handler of type [class org.springframework.web.servlet.resource.ResourceHttpRequestHandler]
[2021-11-02 20:11:31:693-main] [INFO] - org.springframework.jmx.export.MBeanExporter.afterSingletonsInstantiated(MBeanExporter.java:433) - Registering beans for JMX exposure on startup
[2021-11-02 20:11:31:706-main] [INFO] - org.apache.juli.logging.DirectJDKLog.log(DirectJDKLog.java:180) - Starting ProtocolHandler ["http-nio-8080"]
[2021-11-02 20:11:31:724-main] [INFO] - org.apache.juli.logging.DirectJDKLog.log(DirectJDKLog.java:180) - Using a shared selector for servlet write/read
[2021-11-02 20:11:31:739-main] [INFO] - org.springframework.boot.web.embedded.tomcat.TomcatWebServer.start(TomcatWebServer.java:206) - Tomcat started on port(s): 8080 (http) with context path ''
[2021-11-02 20:11:31:744-main] [INFO] - org.springframework.boot.StartupInfoLogger.logStarted(StartupInfoLogger.java:59) - Started BeanMainApplication in 1.978 seconds (JVM running for 3.149)
[2021-11-02 20:11:33:992-http-nio-8080-exec-1] [INFO] - org.apache.juli.logging.DirectJDKLog.log(DirectJDKLog.java:180) - Initializing Spring FrameworkServlet 'dispatcherServlet'
[2021-11-02 20:11:33:992-http-nio-8080-exec-1] [INFO] - org.springframework.web.servlet.FrameworkServlet.initServletBean(FrameworkServlet.java:494) - FrameworkServlet 'dispatcherServlet': initialization started
[2021-11-02 20:11:34:009-http-nio-8080-exec-1] [INFO] - org.springframework.web.servlet.FrameworkServlet.initServletBean(FrameworkServlet.java:509) - FrameworkServlet 'dispatcherServlet': initialization completed in 16 ms
[2021-11-02 20:11:37:635-http-nio-8080-exec-2] [ERROR] - com.github.bjlhx15.common.beanreg.TestServiceImpl.show(TestServiceImpl.java:15) - config:AAAA
[2021-11-02 20:11:37:635-http-nio-8080-exec-2] [ERROR] - com.github.bjlhx15.common.beanreg.TestServiceImpl.show(TestServiceImpl.java:15) - config:BBBB
